<?xml version="1.0" encoding="UTF-8"?>
<testng-results ignored="0" total="1" passed="1" failed="0" skipped="0">
  <reporter-output>
  </reporter-output>
  <suite started-at="2022-05-20T17:20:38 IST" name="Default suite" finished-at="2022-05-20T17:20:48 IST" duration-ms="10363">
    <groups>
    </groups>
    <test started-at="2022-05-20T17:20:38 IST" name="Default test" finished-at="2022-05-20T17:20:48 IST" duration-ms="10363">
      <class name="BaseTest">
        <test-method is-config="true" signature="beforeTest()[pri:0, instance:BaseTest@79924b]" started-at="2022-05-20T17:20:38 IST" name="beforeTest" finished-at="2022-05-20T17:20:48 IST" duration-ms="9841" status="PASS">
          <reporter-output>
          </reporter-output>
        </test-method> <!-- beforeTest -->
        <test-method is-config="true" signature="beforeMethod()[pri:0, instance:BaseTest@79924b]" started-at="2022-05-20T17:20:48 IST" name="beforeMethod" finished-at="2022-05-20T17:20:48 IST" duration-ms="1" status="PASS">
          <reporter-output>
          </reporter-output>
        </test-method> <!-- beforeMethod -->
        <test-method signature="testmethod()[pri:0, instance:BaseTest@79924b]" started-at="2022-05-20T17:20:48 IST" name="testmethod" finished-at="2022-05-20T17:20:48 IST" duration-ms="7" status="PASS">
          <reporter-output>
          </reporter-output>
        </test-method> <!-- testmethod -->
        <test-method is-config="true" signature="afterMethod()[pri:0, instance:BaseTest@79924b]" started-at="2022-05-20T17:20:48 IST" name="afterMethod" finished-at="2022-05-20T17:20:48 IST" duration-ms="1" status="PASS">
          <reporter-output>
          </reporter-output>
        </test-method> <!-- afterMethod -->
        <test-method is-config="true" signature="afterTest()[pri:0, instance:BaseTest@79924b]" started-at="2022-05-20T17:20:48 IST" name="afterTest" finished-at="2022-05-20T17:20:48 IST" duration-ms="1" status="PASS">
          <reporter-output>
          </reporter-output>
        </test-method> <!-- afterTest -->
      </class> <!-- BaseTest -->
    </test> <!-- Default test -->
  </suite> <!-- Default suite -->
</testng-results>
